app/build/intermediates/manifest_merge_blame_file/debug/processDebugMainManifest/manifest-merger-blame-debug-report.txt
1<?xml version="1.0" encoding="utf-8"?>
2<manifest xmlns:android="http://schemas.android.com/apk/res/android"
3    package="net.micode.minotes"
4    android:versionCode="1"
5    android:versionName="1.0" >
6
7    <uses-sdk
8        android:minSdkVersion="30"
9        android:targetSdkVersion="35" />
10
11    <!-- <uses-sdk android:minSdkVersion="14" /> -->
12
13    <uses-permission android:name="android.permission.POST_NOTIFICATIONS" />
13-->src\main\AndroidManifest.xml:11:5-77
13-->src\main\AndroidManifest.xml:11:22-74
14    <uses-permission android:name="android.permission.WRITE_EXTERNAL_STORAGE" />
14-->src\main\AndroidManifest.xml:12:5-81
14-->src\main\AndroidManifest.xml:12:22-78
15    <uses-permission android:name="com.android.launcher.permission.INSTALL_SHORTCUT" />
15-->src\main\AndroidManifest.xml:13:5-88
15-->src\main\AndroidManifest.xml:13:22-85
16    <uses-permission android:name="android.permission.INTERNET" />
16-->src\main\AndroidManifest.xml:14:5-67
16-->src\main\AndroidManifest.xml:14:22-64
17    <uses-permission android:name="android.permission.READ_CONTACTS" />
17-->src\main\AndroidManifest.xml:15:5-72
17-->src\main\AndroidManifest.xml:15:22-69
18    <uses-permission android:name="android.permission.MANAGE_ACCOUNTS" />
18-->src\main\AndroidManifest.xml:16:5-74
18-->src\main\AndroidManifest.xml:16:22-71
19    <uses-permission android:name="android.permission.AUTHENTICATE_ACCOUNTS" />
19-->src\main\AndroidManifest.xml:17:5-80
19-->src\main\AndroidManifest.xml:17:22-77
20    <uses-permission android:name="android.permission.GET_ACCOUNTS" />
20-->src\main\AndroidManifest.xml:18:5-71
20-->src\main\AndroidManifest.xml:18:22-68
21    <uses-permission android:name="android.permission.USE_CREDENTIALS" />
21-->src\main\AndroidManifest.xml:19:5-74
21-->src\main\AndroidManifest.xml:19:22-71
22    <uses-permission android:name="android.permission.RECEIVE_BOOT_COMPLETED" />
22-->src\main\AndroidManifest.xml:20:5-81
22-->src\main\AndroidManifest.xml:20:22-78
23
24    <permission
24-->[androidx.core:core:1.13.0] AndroidManifest.xml:22:5-24:47
25        android:name="net.micode.minotes.DYNAMIC_RECEIVER_NOT_EXPORTED_PERMISSION"
25-->[androidx.core:core:1.13.0] AndroidManifest.xml:23:9-81
26        android:protectionLevel="signature" />
26-->[androidx.core:core:1.13.0] AndroidManifest.xml:24:9-44
27
28    <uses-permission android:name="net.micode.minotes.DYNAMIC_RECEIVER_NOT_EXPORTED_PERMISSION" />
28-->[androidx.core:core:1.13.0] AndroidManifest.xml:26:5-97
28-->[androidx.core:core:1.13.0] AndroidManifest.xml:26:22-94
29
30    <application
30-->src\main\AndroidManifest.xml:22:5-142:19
31        android:appComponentFactory="androidx.core.app.CoreComponentFactory"
31-->[androidx.core:core:1.13.0] AndroidManifest.xml:28:18-86
32        android:debuggable="true"
33        android:extractNativeLibs="false"
34        android:icon="@drawable/icon_app"
34-->src\main\AndroidManifest.xml:23:9-42
35        android:label="@string/app_name"
35-->src\main\AndroidManifest.xml:24:9-41
36        android:testOnly="true" >
37        <activity
37-->src\main\AndroidManifest.xml:25:9-40:20
38            android:name="net.micode.minotes.ui.NotesListActivity"
38-->src\main\AndroidManifest.xml:26:13-49
39            android:configChanges="keyboardHidden|orientation|screenSize"
39-->src\main\AndroidManifest.xml:27:13-74
40            android:exported="true"
40-->src\main\AndroidManifest.xml:28:13-36
41            android:label="@string/app_name"
41-->src\main\AndroidManifest.xml:29:13-45
42            android:launchMode="singleTop"
42-->src\main\AndroidManifest.xml:30:13-43
43            android:theme="@style/NoteTheme"
43-->src\main\AndroidManifest.xml:31:13-45
44            android:uiOptions="splitActionBarWhenNarrow"
44-->src\main\AndroidManifest.xml:32:13-57
45            android:windowSoftInputMode="adjustPan" >
45-->src\main\AndroidManifest.xml:33:13-52
46            <intent-filter>
46-->src\main\AndroidManifest.xml:36:13-39:29
47                <action android:name="android.intent.action.MAIN" />
47-->src\main\AndroidManifest.xml:37:17-69
47-->src\main\AndroidManifest.xml:37:25-66
48
49                <category android:name="android.intent.category.LAUNCHER" />
49-->src\main\AndroidManifest.xml:38:17-77
49-->src\main\AndroidManifest.xml:38:27-74
50            </intent-filter>
51        </activity>
52        <activity
52-->src\main\AndroidManifest.xml:42:9-71:20
53            android:name="net.micode.minotes.ui.NoteEditActivity"
53-->src\main\AndroidManifest.xml:43:13-48
54            android:configChanges="keyboardHidden|orientation|screenSize"
54-->src\main\AndroidManifest.xml:44:13-74
55            android:exported="true"
55-->src\main\AndroidManifest.xml:45:13-36
56            android:launchMode="singleTop"
56-->src\main\AndroidManifest.xml:46:13-43
57            android:theme="@style/NoteTheme" >
57-->src\main\AndroidManifest.xml:47:13-45
58            <intent-filter android:scheme="http" >
58-->src\main\AndroidManifest.xml:49:13-54:29
58-->src\main\AndroidManifest.xml:49:28-49
59                <action android:name="android.intent.action.VIEW" />
59-->src\main\AndroidManifest.xml:50:17-69
59-->src\main\AndroidManifest.xml:50:25-66
60
61                <category android:name="android.intent.category.DEFAULT" />
61-->src\main\AndroidManifest.xml:51:17-76
61-->src\main\AndroidManifest.xml:51:27-73
62
63                <data android:mimeType="vnd.android.cursor.item/text_note" />
63-->src\main\AndroidManifest.xml:52:17-78
63-->src\main\AndroidManifest.xml:52:23-75
64                <data android:mimeType="vnd.android.cursor.item/call_note" />
64-->src\main\AndroidManifest.xml:52:17-78
64-->src\main\AndroidManifest.xml:52:23-75
65            </intent-filter>
66            <intent-filter>
66-->src\main\AndroidManifest.xml:56:13-61:29
67                <action android:name="android.intent.action.INSERT_OR_EDIT" />
67-->src\main\AndroidManifest.xml:57:17-79
67-->src\main\AndroidManifest.xml:57:25-76
68
69                <category android:name="android.intent.category.DEFAULT" />
69-->src\main\AndroidManifest.xml:51:17-76
69-->src\main\AndroidManifest.xml:51:27-73
70
71                <data android:mimeType="vnd.android.cursor.item/text_note" />
71-->src\main\AndroidManifest.xml:52:17-78
71-->src\main\AndroidManifest.xml:52:23-75
72                <data android:mimeType="vnd.android.cursor.item/call_note" />
72-->src\main\AndroidManifest.xml:52:17-78
72-->src\main\AndroidManifest.xml:52:23-75
73            </intent-filter>
74            <intent-filter>
74-->src\main\AndroidManifest.xml:63:13-66:29
75                <action android:name="android.intent.action.SEARCH" />
75-->src\main\AndroidManifest.xml:64:17-71
75-->src\main\AndroidManifest.xml:64:25-68
76
77                <category android:name="android.intent.category.DEFAULT" />
77-->src\main\AndroidManifest.xml:51:17-76
77-->src\main\AndroidManifest.xml:51:27-73
78            </intent-filter>
79
80            <meta-data
80-->src\main\AndroidManifest.xml:68:13-70:54
81                android:name="android.app.searchable"
81-->src\main\AndroidManifest.xml:69:17-54
82                android:resource="@xml/searchable" />
82-->src\main\AndroidManifest.xml:70:17-51
83        </activity>
84
85        <provider
85-->src\main\AndroidManifest.xml:73:9-76:43
86            android:name="net.micode.minotes.data.NotesProvider"
86-->src\main\AndroidManifest.xml:74:13-47
87            android:authorities="micode_notes"
87-->src\main\AndroidManifest.xml:75:13-47
88            android:multiprocess="true" />
88-->src\main\AndroidManifest.xml:76:13-40
89
90        <receiver
90-->src\main\AndroidManifest.xml:78:9-91:20
91            android:name="net.micode.minotes.widget.NoteWidgetProvider_2x"
91-->src\main\AndroidManifest.xml:79:13-57
92            android:exported="true"
92-->src\main\AndroidManifest.xml:80:13-36
93            android:label="@string/app_widget2x2" >
93-->src\main\AndroidManifest.xml:81:13-50
94            <intent-filter>
94-->src\main\AndroidManifest.xml:82:13-86:29
95                <action android:name="android.appwidget.action.APPWIDGET_UPDATE" />
95-->src\main\AndroidManifest.xml:83:17-84
95-->src\main\AndroidManifest.xml:83:25-81
96                <action android:name="android.appwidget.action.APPWIDGET_DELETED" />
96-->src\main\AndroidManifest.xml:84:17-85
96-->src\main\AndroidManifest.xml:84:25-82
97                <action android:name="android.intent.action.PRIVACY_MODE_CHANGED" />
97-->src\main\AndroidManifest.xml:85:17-85
97-->src\main\AndroidManifest.xml:85:25-82
98            </intent-filter>
99
100            <meta-data
100-->src\main\AndroidManifest.xml:88:13-90:58
101                android:name="android.appwidget.provider"
101-->src\main\AndroidManifest.xml:89:17-58
102                android:resource="@xml/widget_2x_info" />
102-->src\main\AndroidManifest.xml:90:17-55
103        </receiver>
104        <receiver
104-->src\main\AndroidManifest.xml:92:9-106:20
105            android:name="net.micode.minotes.widget.NoteWidgetProvider_4x"
105-->src\main\AndroidManifest.xml:93:13-57
106            android:exported="true"
106-->src\main\AndroidManifest.xml:94:13-36
107            android:label="@string/app_widget4x4" >
107-->src\main\AndroidManifest.xml:95:13-50
108            <intent-filter>
108-->src\main\AndroidManifest.xml:82:13-86:29
109                <action android:name="android.appwidget.action.APPWIDGET_UPDATE" />
109-->src\main\AndroidManifest.xml:83:17-84
109-->src\main\AndroidManifest.xml:83:25-81
110                <action android:name="android.appwidget.action.APPWIDGET_DELETED" />
110-->src\main\AndroidManifest.xml:84:17-85
110-->src\main\AndroidManifest.xml:84:25-82
111                <action android:name="android.intent.action.PRIVACY_MODE_CHANGED" />
111-->src\main\AndroidManifest.xml:85:17-85
111-->src\main\AndroidManifest.xml:85:25-82
112            </intent-filter>
113
114            <meta-data
114-->src\main\AndroidManifest.xml:88:13-90:58
115                android:name="android.appwidget.provider"
115-->src\main\AndroidManifest.xml:89:17-58
116                android:resource="@xml/widget_4x_info" />
116-->src\main\AndroidManifest.xml:90:17-55
117        </receiver>
118        <receiver
118-->src\main\AndroidManifest.xml:108:9-113:20
119            android:name="net.micode.minotes.ui.AlarmInitReceiver"
119-->src\main\AndroidManifest.xml:108:19-55
120            android:exported="true" >
120-->src\main\AndroidManifest.xml:109:13-36
121            <intent-filter>
121-->src\main\AndroidManifest.xml:110:13-112:29
122                <action android:name="android.intent.action.BOOT_COMPLETED" />
122-->src\main\AndroidManifest.xml:111:17-79
122-->src\main\AndroidManifest.xml:111:25-76
123            </intent-filter>
124        </receiver>
125        <receiver
125-->src\main\AndroidManifest.xml:115:9-118:20
126            android:name="net.micode.minotes.ui.AlarmReceiver"
126-->src\main\AndroidManifest.xml:116:13-45
127            android:process=":remote" >
127-->src\main\AndroidManifest.xml:117:13-38
128        </receiver>
129
130        <activity
130-->src\main\AndroidManifest.xml:120:9-125:20
131            android:name="net.micode.minotes.ui.AlarmAlertActivity"
131-->src\main\AndroidManifest.xml:121:13-50
132            android:label="@string/app_name"
132-->src\main\AndroidManifest.xml:122:13-45
133            android:launchMode="singleInstance"
133-->src\main\AndroidManifest.xml:123:13-48
134            android:theme="@android:style/Theme.Holo.Wallpaper.NoTitleBar" >
134-->src\main\AndroidManifest.xml:124:13-75
135        </activity>
136        <activity
136-->src\main\AndroidManifest.xml:127:9-132:20
137            android:name="net.micode.minotes.ui.NotesPreferenceActivity"
137-->src\main\AndroidManifest.xml:128:13-55
138            android:label="@string/preferences_title"
138-->src\main\AndroidManifest.xml:129:13-54
139            android:launchMode="singleTop"
139-->src\main\AndroidManifest.xml:130:13-43
140            android:theme="@android:style/Theme.Holo.Light" >
140-->src\main\AndroidManifest.xml:131:13-60
141        </activity>
142
143        <service
143-->src\main\AndroidManifest.xml:134:9-137:19
144            android:name="net.micode.minotes.gtask.remote.GTaskSyncService"
144-->src\main\AndroidManifest.xml:135:13-58
145            android:exported="false" >
145-->src\main\AndroidManifest.xml:136:13-37
146        </service>
147
148        <meta-data
148-->src\main\AndroidManifest.xml:139:9-141:52
149            android:name="android.app.default_searchable"
149-->src\main\AndroidManifest.xml:140:13-58
150            android:value=".ui.NoteEditActivity" />
150-->src\main\AndroidManifest.xml:141:13-49
151
152        <provider
152-->[androidx.emoji2:emoji2:1.3.0] AndroidManifest.xml:24:9-32:20
153            android:name="androidx.startup.InitializationProvider"
153-->[androidx.emoji2:emoji2:1.3.0] AndroidManifest.xml:25:13-67
154            android:authorities="net.micode.minotes.androidx-startup"
154-->[androidx.emoji2:emoji2:1.3.0] AndroidManifest.xml:26:13-68
155            android:exported="false" >
155-->[androidx.emoji2:emoji2:1.3.0] AndroidManifest.xml:27:13-37
156            <meta-data
156-->[androidx.emoji2:emoji2:1.3.0] AndroidManifest.xml:29:13-31:52
157                android:name="androidx.emoji2.text.EmojiCompatInitializer"
157-->[androidx.emoji2:emoji2:1.3.0] AndroidManifest.xml:30:17-75
158                android:value="androidx.startup" />
158-->[androidx.emoji2:emoji2:1.3.0] AndroidManifest.xml:31:17-49
159            <meta-data
159-->[androidx.lifecycle:lifecycle-process:2.6.2] AndroidManifest.xml:29:13-31:52
160                android:name="androidx.lifecycle.ProcessLifecycleInitializer"
160-->[androidx.lifecycle:lifecycle-process:2.6.2] AndroidManifest.xml:30:17-78
161                android:value="androidx.startup" />
161-->[androidx.lifecycle:lifecycle-process:2.6.2] AndroidManifest.xml:31:17-49
162            <meta-data
162-->[androidx.profileinstaller:profileinstaller:1.4.0] AndroidManifest.xml:29:13-31:52
163                android:name="androidx.profileinstaller.ProfileInstallerInitializer"
163-->[androidx.profileinstaller:profileinstaller:1.4.0] AndroidManifest.xml:30:17-85
164                android:value="androidx.startup" />
164-->[androidx.profileinstaller:profileinstaller:1.4.0] AndroidManifest.xml:31:17-49
165        </provider>
166
167        <receiver
167-->[androidx.profileinstaller:profileinstaller:1.4.0] AndroidManifest.xml:34:9-52:20
168            android:name="androidx.profileinstaller.ProfileInstallReceiver"
168-->[androidx.profileinstaller:profileinstaller:1.4.0] AndroidManifest.xml:35:13-76
169            android:directBootAware="false"
169-->[androidx.profileinstaller:profileinstaller:1.4.0] AndroidManifest.xml:36:13-44
170            android:enabled="true"
170-->[androidx.profileinstaller:profileinstaller:1.4.0] AndroidManifest.xml:37:13-35
171            android:exported="true"
171-->[androidx.profileinstaller:profileinstaller:1.4.0] AndroidManifest.xml:38:13-36
172            android:permission="android.permission.DUMP" >
172-->[androidx.profileinstaller:profileinstaller:1.4.0] AndroidManifest.xml:39:13-57
173            <intent-filter>
173-->[androidx.profileinstaller:profileinstaller:1.4.0] AndroidManifest.xml:40:13-42:29
174                <action android:name="androidx.profileinstaller.action.INSTALL_PROFILE" />
174-->[androidx.profileinstaller:profileinstaller:1.4.0] AndroidManifest.xml:41:17-91
174-->[androidx.profileinstaller:profileinstaller:1.4.0] AndroidManifest.xml:41:25-88
175            </intent-filter>
176            <intent-filter>
176-->[androidx.profileinstaller:profileinstaller:1.4.0] AndroidManifest.xml:43:13-45:29
177                <action android:name="androidx.profileinstaller.action.SKIP_FILE" />
177-->[androidx.profileinstaller:profileinstaller:1.4.0] AndroidManifest.xml:44:17-85
177-->[androidx.profileinstaller:profileinstaller:1.4.0] AndroidManifest.xml:44:25-82
178            </intent-filter>
179            <intent-filter>
179-->[androidx.profileinstaller:profileinstaller:1.4.0] AndroidManifest.xml:46:13-48:29
180                <action android:name="androidx.profileinstaller.action.SAVE_PROFILE" />
180-->[androidx.profileinstaller:profileinstaller:1.4.0] AndroidManifest.xml:47:17-88
180-->[androidx.profileinstaller:profileinstaller:1.4.0] AndroidManifest.xml:47:25-85
181            </intent-filter>
182            <intent-filter>
182-->[androidx.profileinstaller:profileinstaller:1.4.0] AndroidManifest.xml:49:13-51:29
183                <action android:name="androidx.profileinstaller.action.BENCHMARK_OPERATION" />
183-->[androidx.profileinstaller:profileinstaller:1.4.0] AndroidManifest.xml:50:17-95
183-->[androidx.profileinstaller:profileinstaller:1.4.0] AndroidManifest.xml:50:25-92
184            </intent-filter>
185        </receiver>
186    </application>
187
188</manifest>